<?xml version="1.0" encoding="UTF-8"?>
<!-- Generated by org.testng.reporters.JUnitReportReporter -->
<testsuite hostname="DESKTOP-HVKO33J" failures="0" tests="4" name="testclass.DemoTestng" time="0.529" errors="0" timestamp="2023-10-09T16:07:01 IST" skipped="0">
  <testcase classname="testclass.DemoTestng" name="test4" time="0.003"/>
  <testcase classname="testclass.DemoTestng" name="test3" time="0.011"/>
  <testcase classname="testclass.DemoTestng" name="test2" time="0.007"/>
  <testcase classname="testclass.DemoTestng" name="test1" time="0.508"/>
</testsuite> <!-- testclass.DemoTestng -->
